LOG:  database system is ready to accept connections done
server started
CREATE DATABASE


/usr/local/bin/docker-entrypoint.sh: running /docker-entrypoint-initdb.d/00_mock.sql
CREATE SCHEMA
CREATE TABLE


/usr/local/bin/docker-entrypoint.sh: running /docker-entrypoint-initdb.d/01_schema.sql
CREATE TABLE
CREATE TABLE
CREATE TABLE
CREATE TABLE
CREATE TABLE
CREATE TABLE
CREATE TABLE
CREATE TABLE
CREATE TABLE
CREATE INDEX
CREATE INDEX
CREATE INDEX


/usr/local/bin/docker-entrypoint.sh: running /docker-entrypoint-initdb.d/02_load_data.sql
DO
INSERT 0 1000
INSERT 0 9999
INSERT 0 1000
INSERT 0 10000
INSERT 0 10000
INSERT 0 3
INSERT 0 9
INSERT 0 0
